<?xml version="1.0" encoding="UTF-8"?>
<!-- Generated by org.testng.reporters.JUnitReportReporter -->
<testsuite hostname="LAPTOP-VRCUDKR5" failures="0" tests="1" name="com.simplilearn.AppiumDemo.SwipeDemo" time="3.535" errors="0" timestamp="2023-01-29T13:25:38 IST" skipped="0">
  <testcase classname="com.simplilearn.AppiumDemo.SwipeDemo" name="swipeFromLeftToRight" time="3.535"/>
  <system-out/>
</testsuite> <!-- com.simplilearn.AppiumDemo.SwipeDemo -->
