<?xml version="1.0" encoding="UTF-8"?>
<!-- Generated by org.testng.reporters.JUnitReportReporter -->
<testsuite hostname="LAPTOP-VRCUDKR5" failures="0" tests="1" name="com.simplilearn.AppiumDemo.Flipkart_Project" time="158.604" errors="0" timestamp="2023-02-13T17:20:46 IST" skipped="0">
  <testcase classname="com.simplilearn.AppiumDemo.Flipkart_Project" name="FlipkarttestProject" time="158.604"/>
  <system-out/>
</testsuite> <!-- com.simplilearn.AppiumDemo.Flipkart_Project -->
