<?xml version="1.0" encoding="UTF-8"?>
<!-- Generated by org.testng.reporters.JUnitReportReporter -->
<testsuite hostname="LAPTOP-VRCUDKR5" failures="0" tests="1" name="com.simplilearn.AppiumDemo.ZoomOutDemo" time="9.279" errors="0" timestamp="2023-02-04T09:54:19 IST" skipped="0">
  <testcase classname="com.simplilearn.AppiumDemo.ZoomOutDemo" name="zoomOut" time="9.279"/>
  <system-out/>
</testsuite> <!-- com.simplilearn.AppiumDemo.ZoomOutDemo -->
